0 info it worked if it ends with ok
1 verbose cli [ '/usr/local/Cellar/node/6.2.2/bin/node',
1 verbose cli   '/usr/local/bin/npm',
1 verbose cli   'update',
1 verbose cli   '--latest',
1 verbose cli   '--save' ]
2 info using npm@3.9.5
3 info using node@v6.2.2
4 silly mapToRegistry name body-parser
5 silly mapToRegistry using default registry
6 silly mapToRegistry registry https://registry.npmjs.org/
7 silly mapToRegistry data Result {
7 silly mapToRegistry   raw: 'body-parser',
7 silly mapToRegistry   scope: null,
7 silly mapToRegistry   name: 'body-parser',
7 silly mapToRegistry   rawSpec: '',
7 silly mapToRegistry   spec: 'latest',
7 silly mapToRegistry   type: 'tag' }
8 silly mapToRegistry uri https://registry.npmjs.org/body-parser
9 silly mapToRegistry name ejs
10 silly mapToRegistry using default registry
11 silly mapToRegistry registry https://registry.npmjs.org/
12 silly mapToRegistry data Result {
12 silly mapToRegistry   raw: 'ejs',
12 silly mapToRegistry   scope: null,
12 silly mapToRegistry   name: 'ejs',
12 silly mapToRegistry   rawSpec: '',
12 silly mapToRegistry   spec: 'latest',
12 silly mapToRegistry   type: 'tag' }
13 silly mapToRegistry uri https://registry.npmjs.org/ejs
14 silly mapToRegistry name cookie-parser
15 silly mapToRegistry using default registry
16 silly mapToRegistry registry https://registry.npmjs.org/
17 silly mapToRegistry data Result {
17 silly mapToRegistry   raw: 'cookie-parser',
17 silly mapToRegistry   scope: null,
17 silly mapToRegistry   name: 'cookie-parser',
17 silly mapToRegistry   rawSpec: '',
17 silly mapToRegistry   spec: 'latest',
17 silly mapToRegistry   type: 'tag' }
18 silly mapToRegistry uri https://registry.npmjs.org/cookie-parser
19 silly mapToRegistry name express
20 silly mapToRegistry using default registry
21 silly mapToRegistry registry https://registry.npmjs.org/
22 silly mapToRegistry data Result {
22 silly mapToRegistry   raw: 'express',
22 silly mapToRegistry   scope: null,
22 silly mapToRegistry   name: 'express',
22 silly mapToRegistry   rawSpec: '',
22 silly mapToRegistry   spec: 'latest',
22 silly mapToRegistry   type: 'tag' }
23 silly mapToRegistry uri https://registry.npmjs.org/express
24 verbose request uri https://registry.npmjs.org/cookie-parser
25 verbose request no auth needed
26 info attempt registry request try #1 at 01:06:23
27 verbose request id dad3b0169890678b
28 verbose etag "6A758WDJDMC2BW46R9O3F9OMK"
29 http request GET https://registry.npmjs.org/cookie-parser
30 verbose request uri https://registry.npmjs.org/ejs
31 verbose request no auth needed
32 info attempt registry request try #1 at 01:06:23
33 verbose etag "EK7ZHWH3B4U2Y1HE5P48XTPMP"
34 http request GET https://registry.npmjs.org/ejs
35 verbose request uri https://registry.npmjs.org/express
36 verbose request no auth needed
37 info attempt registry request try #1 at 01:06:23
38 verbose etag "256FIZXLTQY4EYJ3UPX0422C8"
39 http request GET https://registry.npmjs.org/express
40 verbose request uri https://registry.npmjs.org/body-parser
41 verbose request no auth needed
42 info attempt registry request try #1 at 01:06:23
43 verbose etag "9J5XS4NZU8Z106VPBXX8Y8JK7"
44 http request GET https://registry.npmjs.org/body-parser
45 http 304 https://registry.npmjs.org/cookie-parser
46 verbose headers { date: 'Tue, 28 Jun 2016 04:06:24 GMT',
46 verbose headers   via: '1.1 varnish',
46 verbose headers   'cache-control': 'max-age=300',
46 verbose headers   etag: '"6A758WDJDMC2BW46R9O3F9OMK"',
46 verbose headers   age: '208',
46 verbose headers   connection: 'keep-alive',
46 verbose headers   'x-served-by': 'cache-iad2143-IAD',
46 verbose headers   'x-cache': 'HIT',
46 verbose headers   'x-cache-hits': '3',
46 verbose headers   'x-timer': 'S1467086784.239000,VS0,VE0',
46 verbose headers   vary: 'Accept-Encoding' }
47 silly get cb [ 304,
47 silly get   { date: 'Tue, 28 Jun 2016 04:06:24 GMT',
47 silly get     via: '1.1 varnish',
47 silly get     'cache-control': 'max-age=300',
47 silly get     etag: '"6A758WDJDMC2BW46R9O3F9OMK"',
47 silly get     age: '208',
47 silly get     connection: 'keep-alive',
47 silly get     'x-served-by': 'cache-iad2143-IAD',
47 silly get     'x-cache': 'HIT',
47 silly get     'x-cache-hits': '3',
47 silly get     'x-timer': 'S1467086784.239000,VS0,VE0',
47 silly get     vary: 'Accept-Encoding' } ]
48 verbose etag https://registry.npmjs.org/cookie-parser from cache
49 verbose get saving cookie-parser to /Users/leandro/.npm/registry.npmjs.org/cookie-parser/.cache.json
50 verbose correctMkdir /Users/leandro/.npm correctMkdir not in flight; initializing
51 http 304 https://registry.npmjs.org/express
52 verbose headers { date: 'Tue, 28 Jun 2016 04:06:24 GMT',
52 verbose headers   via: '1.1 varnish',
52 verbose headers   'cache-control': 'max-age=300',
52 verbose headers   etag: '"256FIZXLTQY4EYJ3UPX0422C8"',
52 verbose headers   age: '285',
52 verbose headers   connection: 'keep-alive',
52 verbose headers   'x-served-by': 'cache-iad2147-IAD',
52 verbose headers   'x-cache': 'HIT',
52 verbose headers   'x-cache-hits': '4',
52 verbose headers   'x-timer': 'S1467086784.252211,VS0,VE0',
52 verbose headers   vary: 'Accept-Encoding' }
53 silly get cb [ 304,
53 silly get   { date: 'Tue, 28 Jun 2016 04:06:24 GMT',
53 silly get     via: '1.1 varnish',
53 silly get     'cache-control': 'max-age=300',
53 silly get     etag: '"256FIZXLTQY4EYJ3UPX0422C8"',
53 silly get     age: '285',
53 silly get     connection: 'keep-alive',
53 silly get     'x-served-by': 'cache-iad2147-IAD',
53 silly get     'x-cache': 'HIT',
53 silly get     'x-cache-hits': '4',
53 silly get     'x-timer': 'S1467086784.252211,VS0,VE0',
53 silly get     vary: 'Accept-Encoding' } ]
54 verbose etag https://registry.npmjs.org/express from cache
55 verbose get saving express to /Users/leandro/.npm/registry.npmjs.org/express/.cache.json
56 verbose correctMkdir /Users/leandro/.npm correctMkdir not in flight; initializing
57 silly cache add args [ 'cookie-parser', '>1.4.3' ]
58 verbose cache add spec cookie-parser@>1.4.3
59 silly cache add parsed spec Result {
59 silly cache add   raw: 'cookie-parser@>1.4.3',
59 silly cache add   scope: null,
59 silly cache add   name: 'cookie-parser',
59 silly cache add   rawSpec: '>1.4.3',
59 silly cache add   spec: '>1.4.3',
59 silly cache add   type: 'range' }
60 silly addNamed cookie-parser@>1.4.3
61 verbose addNamed ">1.4.3" is a valid semver range for cookie-parser
62 silly addNameRange { name: 'cookie-parser', range: '>1.4.3', hasData: false }
63 silly mapToRegistry name cookie-parser
64 silly mapToRegistry using default registry
65 silly mapToRegistry registry https://registry.npmjs.org/
66 silly mapToRegistry data Result {
66 silly mapToRegistry   raw: 'cookie-parser',
66 silly mapToRegistry   scope: null,
66 silly mapToRegistry   name: 'cookie-parser',
66 silly mapToRegistry   rawSpec: '',
66 silly mapToRegistry   spec: 'latest',
66 silly mapToRegistry   type: 'tag' }
67 silly mapToRegistry uri https://registry.npmjs.org/cookie-parser
68 verbose addNameRange registry:https://registry.npmjs.org/cookie-parser not in flight; fetching
69 verbose get https://registry.npmjs.org/cookie-parser not expired, no request
70 silly addNameRange number 2 { name: 'cookie-parser', range: '>1.4.3', hasData: true }
71 silly addNameRange versions [ 'cookie-parser',
71 silly addNameRange   [ '1.0.0',
71 silly addNameRange     '1.0.1',
71 silly addNameRange     '1.1.0',
71 silly addNameRange     '1.2.0',
71 silly addNameRange     '1.3.0',
71 silly addNameRange     '1.3.1',
71 silly addNameRange     '1.3.2',
71 silly addNameRange     '1.3.3',
71 silly addNameRange     '1.3.4',
71 silly addNameRange     '1.3.5',
71 silly addNameRange     '1.4.0',
71 silly addNameRange     '1.4.1',
71 silly addNameRange     '1.4.2',
71 silly addNameRange     '1.4.3' ] ]
72 http 304 https://registry.npmjs.org/ejs
73 verbose headers { date: 'Tue, 28 Jun 2016 04:06:24 GMT',
73 verbose headers   via: '1.1 varnish',
73 verbose headers   'cache-control': 'max-age=300',
73 verbose headers   etag: '"EK7ZHWH3B4U2Y1HE5P48XTPMP"',
73 verbose headers   age: '239',
73 verbose headers   connection: 'keep-alive',
73 verbose headers   'x-served-by': 'cache-iad2143-IAD',
73 verbose headers   'x-cache': 'HIT',
73 verbose headers   'x-cache-hits': '1',
73 verbose headers   'x-timer': 'S1467086784.288802,VS0,VE0',
73 verbose headers   vary: 'Accept-Encoding' }
74 silly get cb [ 304,
74 silly get   { date: 'Tue, 28 Jun 2016 04:06:24 GMT',
74 silly get     via: '1.1 varnish',
74 silly get     'cache-control': 'max-age=300',
74 silly get     etag: '"EK7ZHWH3B4U2Y1HE5P48XTPMP"',
74 silly get     age: '239',
74 silly get     connection: 'keep-alive',
74 silly get     'x-served-by': 'cache-iad2143-IAD',
74 silly get     'x-cache': 'HIT',
74 silly get     'x-cache-hits': '1',
74 silly get     'x-timer': 'S1467086784.288802,VS0,VE0',
74 silly get     vary: 'Accept-Encoding' } ]
75 verbose etag https://registry.npmjs.org/ejs from cache
76 verbose get saving ejs to /Users/leandro/.npm/registry.npmjs.org/ejs/.cache.json
77 verbose correctMkdir /Users/leandro/.npm correctMkdir not in flight; initializing
78 http 200 https://registry.npmjs.org/body-parser
79 verbose headers { server: 'CouchDB/1.5.0 (Erlang OTP/R16B03)',
79 verbose headers   etag: '"13BAPTQ22PC6JECEJ4MM60BJ9"',
79 verbose headers   'content-type': 'application/json',
79 verbose headers   'content-encoding': 'gzip',
79 verbose headers   'cache-control': 'max-age=300',
79 verbose headers   'content-length': '15986',
79 verbose headers   'accept-ranges': 'bytes',
79 verbose headers   date: 'Tue, 28 Jun 2016 04:06:24 GMT',
79 verbose headers   via: '1.1 varnish',
79 verbose headers   age: '29',
79 verbose headers   connection: 'keep-alive',
79 verbose headers   'x-served-by': 'cache-iad2125-IAD',
79 verbose headers   'x-cache': 'HIT',
79 verbose headers   'x-cache-hits': '1',
79 verbose headers   'x-timer': 'S1467086784.287549,VS0,VE0',
79 verbose headers   vary: 'Accept-Encoding' }
80 silly get cb [ 200,
80 silly get   { server: 'CouchDB/1.5.0 (Erlang OTP/R16B03)',
80 silly get     etag: '"13BAPTQ22PC6JECEJ4MM60BJ9"',
80 silly get     'content-type': 'application/json',
80 silly get     'content-encoding': 'gzip',
80 silly get     'cache-control': 'max-age=300',
80 silly get     'content-length': '15986',
80 silly get     'accept-ranges': 'bytes',
80 silly get     date: 'Tue, 28 Jun 2016 04:06:24 GMT',
80 silly get     via: '1.1 varnish',
80 silly get     age: '29',
80 silly get     connection: 'keep-alive',
80 silly get     'x-served-by': 'cache-iad2125-IAD',
80 silly get     'x-cache': 'HIT',
80 silly get     'x-cache-hits': '1',
80 silly get     'x-timer': 'S1467086784.287549,VS0,VE0',
80 silly get     vary: 'Accept-Encoding' } ]
81 verbose get saving body-parser to /Users/leandro/.npm/registry.npmjs.org/body-parser/.cache.json
82 verbose correctMkdir /Users/leandro/.npm correctMkdir not in flight; initializing
83 verbose stack Error: No compatible version found: cookie-parser@'>1.4.3'
83 verbose stack Valid install targets:
83 verbose stack 1.0.0, 1.0.1, 1.1.0, 1.2.0, 1.3.0, 1.3.1, 1.3.2, 1.3.3, 1.3.4, 1.3.5, 1.4.0, 1.4.1, 1.4.2, 1.4.3
83 verbose stack
83 verbose stack     at installTargetsError (/usr/local/lib/node_modules/npm/lib/cache/add-named.js:292:12)
83 verbose stack     at next (/usr/local/lib/node_modules/npm/lib/cache/add-named.js:270:19)
83 verbose stack     at setData (/usr/local/lib/node_modules/npm/lib/cache/add-named.js:242:5)
83 verbose stack     at RES (/usr/local/lib/node_modules/npm/node_modules/inflight/inflight.js:23:14)
83 verbose stack     at f (/usr/local/lib/node_modules/npm/node_modules/once/once.js:17:25)
83 verbose stack     at fixName (/usr/local/lib/node_modules/npm/lib/cache/add-named.js:30:5)
83 verbose stack     at /usr/local/lib/node_modules/npm/lib/utils/pulse-till-done.js:19:8
83 verbose stack     at CachingRegistryClient.get_ (/usr/local/lib/node_modules/npm/lib/cache/caching-client.js:126:16)
83 verbose stack     at /usr/local/lib/node_modules/npm/lib/cache/caching-client.js:91:14
83 verbose stack     at /usr/local/lib/node_modules/npm/node_modules/graceful-fs/graceful-fs.js:78:16
84 verbose cwd /Users/leandro/Projetos/nodejs/ntalk
85 error Darwin 15.5.0
86 error argv "/usr/local/Cellar/node/6.2.2/bin/node" "/usr/local/bin/npm" "update" "--latest" "--save"
87 error node v6.2.2
88 error npm  v3.9.5
89 error code ETARGET
90 error notarget No compatible version found: cookie-parser@'>1.4.3'
90 error notarget Valid install targets:
90 error notarget 1.0.0, 1.0.1, 1.1.0, 1.2.0, 1.3.0, 1.3.1, 1.3.2, 1.3.3, 1.3.4, 1.3.5, 1.4.0, 1.4.1, 1.4.2, 1.4.3
91 error notarget This is most likely not a problem with npm itself.
91 error notarget In most cases you or one of your dependencies are requesting
91 error notarget a package version that doesn't exist.
92 verbose exit [ 1, true ]
